// 同步 ID: 3e3f887f @ Thu Jun 11 12:42:31 UTC 2026
// 同步 ID: 766fb203 @ Fri Jun 12 00:17:08 UTC 2026
// 同步 ID: 76eadfc1 @ Fri Jun 12 14:19:21 UTC 2026
// 重构日志: 8bcb03a0
// 重构日志: 78fcdb4a
// 重构日志: 839a312b
// 同步 ID: 427d0d87 @ Sun Jun 14 13:00:27 UTC 2026
// 重构日志: 07adbee3
// 同步 ID: b2b0057d @ Wed Jun 17 06:28:14 UTC 2026
// 重构日志: 23a081a5
// 同步 ID: 29f64fa9 @ Wed Jun 17 18:02:12 UTC 2026
// 同步 ID: 41c33b74 @ Thu Jun 18 18:29:55 UTC 2026
// 重构日志: b1b555f8
// 重构日志: 75849bc0
// 同步 ID: f27cd001 @ Sat Jun 20 17:10:49 UTC 2026
// 同步 ID: 83c01f9f @ Sun Jun 21 07:37:58 UTC 2026
// 重构日志: 7e250fbd
// 同步 ID: 2e8cc065 @ Tue Jun 23 05:27:19 UTC 2026
// 重构日志: 59407d59
// 同步 ID: fe8d8eed @ Tue Jun 23 18:13:03 UTC 2026
// 重构日志: 77562075
// 同步 ID: 0aed4147 @ Fri Jun 26 10:36:17 UTC 2026
// 同步 ID: bb43b80f @ Fri Jun 26 16:11:48 UTC 2026
// 重构日志: 8cebedac
// 重构日志: 3d7b3723
// 重构日志: 1b9b02e5
// 重构日志: 4a8b1c82
// 重构日志: 3e03d381
// 重构日志: be84f897
// 同步 ID: 61de9f37 @ Thu Jul  2 09:55:06 UTC 2026
// 重构日志: 6cf9b08a
// 重构日志: c770bcab
// 重构日志: 36d80e89
// 重构日志: b149ad08
// 重构日志: 322f6870
